<?xml version="1.0" encoding="UTF-8"?>
<testng-results ignored="0" total="2" passed="2" failed="0" skipped="0">
  <reporter-output>
  </reporter-output>
  <suite started-at="2022-12-31T16:19:00Z" name="Regression Suite" finished-at="2022-12-31T16:19:40Z" duration-ms="39805">
    <groups>
    </groups>
    <test started-at="2022-12-31T16:19:00Z" name="Regression Test" finished-at="2022-12-31T16:19:40Z" duration-ms="39805">
      <class name="ai.ds.apps.testLayer.BuyFunctionality">
        <test-method is-config="true" signature="setup()[pri:0, instance:ai.ds.apps.testLayer.BuyFunctionality@7fd50002]" started-at="2022-12-31T16:19:11Z" name="setup" finished-at="2022-12-31T16:19:18Z" duration-ms="7059" status="PASS">
          <reporter-output>
          </reporter-output>
        </test-method> <!-- setup -->
        <test-method signature="verifyBuyFunctionality()[pri:0, instance:ai.ds.apps.testLayer.BuyFunctionality@7fd50002]" started-at="2022-12-31T16:19:18Z" name="verifyBuyFunctionality" finished-at="2022-12-31T16:19:36Z" duration-ms="18638" status="PASS">
          <reporter-output>
          </reporter-output>
        </test-method> <!-- verifyBuyFunctionality -->
        <test-method is-config="true" signature="tearDown()[pri:0, instance:ai.ds.apps.testLayer.BuyFunctionality@7fd50002]" started-at="2022-12-31T16:19:36Z" name="tearDown" finished-at="2022-12-31T16:19:40Z" duration-ms="3192" status="PASS">
          <reporter-output>
          </reporter-output>
        </test-method> <!-- tearDown -->
      </class> <!-- ai.ds.apps.testLayer.BuyFunctionality -->
      <class name="ai.ds.apps.testLayer.LoginPageTest">
        <test-method is-config="true" signature="setup()[pri:0, instance:ai.ds.apps.testLayer.LoginPageTest@3f4faf53]" started-at="2022-12-31T16:19:00Z" name="setup" finished-at="2022-12-31T16:19:07Z" duration-ms="7705" status="PASS">
          <reporter-output>
          </reporter-output>
        </test-method> <!-- setup -->
        <test-method signature="verifyLogin()[pri:0, instance:ai.ds.apps.testLayer.LoginPageTest@3f4faf53]" started-at="2022-12-31T16:19:07Z" name="verifyLogin" finished-at="2022-12-31T16:19:07Z" duration-ms="12" status="PASS">
          <reporter-output>
          </reporter-output>
        </test-method> <!-- verifyLogin -->
        <test-method is-config="true" signature="tearDown()[pri:0, instance:ai.ds.apps.testLayer.LoginPageTest@3f4faf53]" started-at="2022-12-31T16:19:07Z" name="tearDown" finished-at="2022-12-31T16:19:11Z" duration-ms="3178" status="PASS">
          <reporter-output>
          </reporter-output>
        </test-method> <!-- tearDown -->
      </class> <!-- ai.ds.apps.testLayer.LoginPageTest -->
    </test> <!-- Regression Test -->
  </suite> <!-- Regression Suite -->
</testng-results>
